<?xml version="1.0" encoding="UTF-8"?>
<testsuite xmlns:xsi="http://www.w3.org/2001/XMLSchema-instance" xsi:noNamespaceSchemaLocation="https://maven.apache.org/surefire/maven-surefire-plugin/xsd/surefire-test-report-3.0.xsd" version="3.0" name="FlinkFIleSourceTest" time="0.012" tests="0" errors="0" skipped="0" failures="0">
  <properties>
    <property name="gopherProxySet" value="false"/>
    <property name="awt.toolkit" value="sun.lwawt.macosx.LWCToolkit"/>
    <property name="java.specification.version" value="11"/>
    <property name="sun.cpu.isalist" value=""/>
    <property name="sun.jnu.encoding" value="UTF-8"/>
    <property name="java.class.path" value="/Users/pengdu/IdeaProjects/personal-project/exec-sql/flink-exec-sql/target/test-classes:/Users/pengdu/IdeaProjects/personal-project/exec-sql/flink-exec-sql/target/classes:/Users/pengdu/.m2/repository/org/apache/logging/log4j/log4j-core/2.17.2/log4j-core-2.17.2.jar:/Users/pengdu/.m2/repository/org/apache/logging/log4j/log4j-api/2.17.2/log4j-api-2.17.2.jar:/Users/pengdu/.m2/repository/org/apache/logging/log4j/log4j-slf4j18-impl/2.17.2/log4j-slf4j18-impl-2.17.2.jar:/Users/pengdu/.m2/repository/org/slf4j/slf4j-api/1.8.0-beta4/slf4j-api-1.8.0-beta4.jar:/Users/pengdu/.m2/repository/org/apache/flink/flink-streaming-java/1.17.1/flink-streaming-java-1.17.1.jar:/Users/pengdu/.m2/repository/org/apache/flink/flink-core/1.17.1/flink-core-1.17.1.jar:/Users/pengdu/.m2/repository/org/apache/flink/flink-annotations/1.17.1/flink-annotations-1.17.1.jar:/Users/pengdu/.m2/repository/org/apache/flink/flink-metrics-core/1.17.1/flink-metrics-core-1.17.1.jar:/Users/pengdu/.m2/repository/org/apache/flink/flink-shaded-asm-9/9.3-16.1/flink-shaded-asm-9-9.3-16.1.jar:/Users/pengdu/.m2/repository/org/apache/flink/flink-shaded-jackson/2.13.4-16.1/flink-shaded-jackson-2.13.4-16.1.jar:/Users/pengdu/.m2/repository/org/apache/commons/commons-lang3/3.12.0/commons-lang3-3.12.0.jar:/Users/pengdu/.m2/repository/org/apache/commons/commons-text/1.10.0/commons-text-1.10.0.jar:/Users/pengdu/.m2/repository/com/esotericsoftware/kryo/kryo/2.24.0/kryo-2.24.0.jar:/Users/pengdu/.m2/repository/com/esotericsoftware/minlog/minlog/1.2/minlog-1.2.jar:/Users/pengdu/.m2/repository/org/objenesis/objenesis/2.1/objenesis-2.1.jar:/Users/pengdu/.m2/repository/commons-collections/commons-collections/3.2.2/commons-collections-3.2.2.jar:/Users/pengdu/.m2/repository/org/apache/commons/commons-compress/1.21/commons-compress-1.21.jar:/Users/pengdu/.m2/repository/org/apache/flink/flink-file-sink-common/1.17.1/flink-file-sink-common-1.17.1.jar:/Users/pengdu/.m2/repository/org/apache/flink/flink-runtime/1.17.1/flink-runtime-1.17.1.jar:/Users/pengdu/.m2/repository/org/apache/flink/flink-rpc-core/1.17.1/flink-rpc-core-1.17.1.jar:/Users/pengdu/.m2/repository/org/apache/flink/flink-rpc-akka-loader/1.17.1/flink-rpc-akka-loader-1.17.1.jar:/Users/pengdu/.m2/repository/org/apache/flink/flink-queryable-state-client-java/1.17.1/flink-queryable-state-client-java-1.17.1.jar:/Users/pengdu/.m2/repository/org/apache/flink/flink-hadoop-fs/1.17.1/flink-hadoop-fs-1.17.1.jar:/Users/pengdu/.m2/repository/commons-io/commons-io/2.11.0/commons-io-2.11.0.jar:/Users/pengdu/.m2/repository/org/apache/flink/flink-shaded-netty/4.1.82.Final-16.1/flink-shaded-netty-4.1.82.Final-16.1.jar:/Users/pengdu/.m2/repository/org/apache/flink/flink-shaded-zookeeper-3/3.7.1-16.1/flink-shaded-zookeeper-3-3.7.1-16.1.jar:/Users/pengdu/.m2/repository/org/javassist/javassist/3.24.0-GA/javassist-3.24.0-GA.jar:/Users/pengdu/.m2/repository/org/xerial/snappy/snappy-java/1.1.8.3/snappy-java-1.1.8.3.jar:/Users/pengdu/.m2/repository/org/lz4/lz4-java/1.8.0/lz4-java-1.8.0.jar:/Users/pengdu/.m2/repository/org/apache/flink/flink-java/1.17.1/flink-java-1.17.1.jar:/Users/pengdu/.m2/repository/com/twitter/chill-java/0.7.6/chill-java-0.7.6.jar:/Users/pengdu/.m2/repository/org/apache/flink/flink-shaded-guava/30.1.1-jre-16.1/flink-shaded-guava-30.1.1-jre-16.1.jar:/Users/pengdu/.m2/repository/org/apache/commons/commons-math3/3.6.1/commons-math3-3.6.1.jar:/Users/pengdu/.m2/repository/com/google/code/findbugs/jsr305/1.3.9/jsr305-1.3.9.jar:/Users/pengdu/.m2/repository/org/apache/flink/flink-table-planner-loader/1.17.1/flink-table-planner-loader-1.17.1.jar:/Users/pengdu/.m2/repository/org/apache/flink/flink-table-api-bridge-base/1.17.1/flink-table-api-bridge-base-1.17.1.jar:/Users/pengdu/.m2/repository/org/apache/flink/flink-shaded-force-shading/16.1/flink-shaded-force-shading-16.1.jar:/Users/pengdu/.m2/repository/org/apache/flink/flink-table-runtime/1.17.1/flink-table-runtime-1.17.1.jar:/Users/pengdu/.m2/repository/org/apache/flink/flink-table-common/1.17.1/flink-table-common-1.17.1.jar:/Users/pengdu/.m2/repository/com/ibm/icu/icu4j/67.1/icu4j-67.1.jar:/Users/pengdu/.m2/repository/org/apache/flink/flink-cep/1.17.1/flink-cep-1.17.1.jar:/Users/pengdu/.m2/repository/org/apache/flink/flink-table-api-java/1.17.1/flink-table-api-java-1.17.1.jar:/Users/pengdu/.m2/repository/org/apache/flink/flink-table-api-java-bridge/1.17.1/flink-table-api-java-bridge-1.17.1.jar:/Users/pengdu/.m2/repository/org/apache/flink/flink-clients/1.17.1/flink-clients-1.17.1.jar:/Users/pengdu/.m2/repository/org/apache/flink/flink-optimizer/1.17.1/flink-optimizer-1.17.1.jar:/Users/pengdu/.m2/repository/commons-cli/commons-cli/1.5.0/commons-cli-1.5.0.jar:/Users/pengdu/.m2/repository/org/apache/flink/flink-connector-files/1.17.1/flink-connector-files-1.17.1.jar:/Users/pengdu/.m2/repository/org/apache/hadoop/hadoop-client/3.3.4/hadoop-client-3.3.4.jar:/Users/pengdu/.m2/repository/org/apache/hadoop/hadoop-common/3.3.4/hadoop-common-3.3.4.jar:/Users/pengdu/.m2/repository/org/apache/hadoop/thirdparty/hadoop-shaded-protobuf_3_7/1.1.1/hadoop-shaded-protobuf_3_7-1.1.1.jar:/Users/pengdu/.m2/repository/org/apache/hadoop/thirdparty/hadoop-shaded-guava/1.1.1/hadoop-shaded-guava-1.1.1.jar:/Users/pengdu/.m2/repository/com/google/guava/guava/27.0-jre/guava-27.0-jre.jar:/Users/pengdu/.m2/repository/com/google/guava/failureaccess/1.0/failureaccess-1.0.jar:/Users/pengdu/.m2/repository/com/google/guava/listenablefuture/9999.0-empty-to-avoid-conflict-with-guava/listenablefuture-9999.0-empty-to-avoid-conflict-with-guava.jar:/Users/pengdu/.m2/repository/org/checkerframework/checker-qual/2.5.2/checker-qual-2.5.2.jar:/Users/pengdu/.m2/repository/com/google/j2objc/j2objc-annotations/1.1/j2objc-annotations-1.1.jar:/Users/pengdu/.m2/repository/org/codehaus/mojo/animal-sniffer-annotations/1.17/animal-sniffer-annotations-1.17.jar:/Users/pengdu/.m2/repository/org/apache/httpcomponents/httpclient/4.5.13/httpclient-4.5.13.jar:/Users/pengdu/.m2/repository/org/apache/httpcomponents/httpcore/4.4.13/httpcore-4.4.13.jar:/Users/pengdu/.m2/repository/commons-codec/commons-codec/1.15/commons-codec-1.15.jar:/Users/pengdu/.m2/repository/commons-net/commons-net/3.6/commons-net-3.6.jar:/Users/pengdu/.m2/repository/jakarta/activation/jakarta.activation-api/1.2.1/jakarta.activation-api-1.2.1.jar:/Users/pengdu/.m2/repository/org/eclipse/jetty/jetty-servlet/9.4.43.v20210629/jetty-servlet-9.4.43.v20210629.jar:/Users/pengdu/.m2/repository/org/eclipse/jetty/jetty-security/9.4.43.v20210629/jetty-security-9.4.43.v20210629.jar:/Users/pengdu/.m2/repository/org/eclipse/jetty/jetty-util-ajax/9.4.43.v20210629/jetty-util-ajax-9.4.43.v20210629.jar:/Users/pengdu/.m2/repository/org/eclipse/jetty/jetty-webapp/9.4.43.v20210629/jetty-webapp-9.4.43.v20210629.jar:/Users/pengdu/.m2/repository/org/eclipse/jetty/jetty-xml/9.4.43.v20210629/jetty-xml-9.4.43.v20210629.jar:/Users/pengdu/.m2/repository/javax/servlet/jsp/jsp-api/2.1/jsp-api-2.1.jar:/Users/pengdu/.m2/repository/com/sun/jersey/jersey-servlet/1.19/jersey-servlet-1.19.jar:/Users/pengdu/.m2/repository/commons-logging/commons-logging/1.1.3/commons-logging-1.1.3.jar:/Users/pengdu/.m2/repository/ch/qos/reload4j/reload4j/1.2.22/reload4j-1.2.22.jar:/Users/pengdu/.m2/repository/commons-beanutils/commons-beanutils/1.9.4/commons-beanutils-1.9.4.jar:/Users/pengdu/.m2/repository/org/apache/commons/commons-configuration2/2.1.1/commons-configuration2-2.1.1.jar:/Users/pengdu/.m2/repository/org/slf4j/slf4j-reload4j/1.7.36/slf4j-reload4j-1.7.36.jar:/Users/pengdu/.m2/repository/org/apache/avro/avro/1.7.7/avro-1.7.7.jar:/Users/pengdu/.m2/repository/org/codehaus/jackson/jackson-core-asl/1.9.13/jackson-core-asl-1.9.13.jar:/Users/pengdu/.m2/repository/org/codehaus/jackson/jackson-mapper-asl/1.9.13/jackson-mapper-asl-1.9.13.jar:/Users/pengdu/.m2/repository/com/thoughtworks/paranamer/paranamer/2.3/paranamer-2.3.jar:/Users/pengdu/.m2/repository/com/google/re2j/re2j/1.1/re2j-1.1.jar:/Users/pengdu/.m2/repository/com/google/protobuf/protobuf-java/2.5.0/protobuf-java-2.5.0.jar:/Users/pengdu/.m2/repository/com/google/code/gson/gson/2.8.9/gson-2.8.9.jar:/Users/pengdu/.m2/repository/org/apache/hadoop/hadoop-auth/3.3.4/hadoop-auth-3.3.4.jar:/Users/pengdu/.m2/repository/com/nimbusds/nimbus-jose-jwt/9.8.1/nimbus-jose-jwt-9.8.1.jar:/Users/pengdu/.m2/repository/com/github/stephenc/jcip/jcip-annotations/1.0-1/jcip-annotations-1.0-1.jar:/Users/pengdu/.m2/repository/net/minidev/json-smart/2.4.7/json-smart-2.4.7.jar:/Users/pengdu/.m2/repository/net/minidev/accessors-smart/2.4.7/accessors-smart-2.4.7.jar:/Users/pengdu/.m2/repository/org/ow2/asm/asm/9.1/asm-9.1.jar:/Users/pengdu/.m2/repository/org/apache/curator/curator-framework/4.2.0/curator-framework-4.2.0.jar:/Users/pengdu/.m2/repository/org/apache/kerby/kerb-simplekdc/1.0.1/kerb-simplekdc-1.0.1.jar:/Users/pengdu/.m2/repository/org/apache/kerby/kerb-client/1.0.1/kerb-client-1.0.1.jar:/Users/pengdu/.m2/repository/org/apache/kerby/kerby-config/1.0.1/kerby-config-1.0.1.jar:/Users/pengdu/.m2/repository/org/apache/kerby/kerb-common/1.0.1/kerb-common-1.0.1.jar:/Users/pengdu/.m2/repository/org/apache/kerby/kerb-crypto/1.0.1/kerb-crypto-1.0.1.jar:/Users/pengdu/.m2/repository/org/apache/kerby/kerb-util/1.0.1/kerb-util-1.0.1.jar:/Users/pengdu/.m2/repository/org/apache/kerby/token-provider/1.0.1/token-provider-1.0.1.jar:/Users/pengdu/.m2/repository/org/apache/kerby/kerb-admin/1.0.1/kerb-admin-1.0.1.jar:/Users/pengdu/.m2/repository/org/apache/kerby/kerb-server/1.0.1/kerb-server-1.0.1.jar:/Users/pengdu/.m2/repository/org/apache/kerby/kerb-identity/1.0.1/kerb-identity-1.0.1.jar:/Users/pengdu/.m2/repository/org/apache/kerby/kerby-xdr/1.0.1/kerby-xdr-1.0.1.jar:/Users/pengdu/.m2/repository/org/apache/curator/curator-client/4.2.0/curator-client-4.2.0.jar:/Users/pengdu/.m2/repository/org/apache/curator/curator-recipes/4.2.0/curator-recipes-4.2.0.jar:/Users/pengdu/.m2/repository/org/apache/kerby/kerb-core/1.0.1/kerb-core-1.0.1.jar:/Users/pengdu/.m2/repository/org/apache/kerby/kerby-pkix/1.0.1/kerby-pkix-1.0.1.jar:/Users/pengdu/.m2/repository/org/apache/kerby/kerby-asn1/1.0.1/kerby-asn1-1.0.1.jar:/Users/pengdu/.m2/repository/org/apache/kerby/kerby-util/1.0.1/kerby-util-1.0.1.jar:/Users/pengdu/.m2/repository/com/fasterxml/jackson/core/jackson-databind/2.12.7/jackson-databind-2.12.7.jar:/Users/pengdu/.m2/repository/com/fasterxml/jackson/core/jackson-core/2.12.7/jackson-core-2.12.7.jar:/Users/pengdu/.m2/repository/org/codehaus/woodstox/stax2-api/4.2.1/stax2-api-4.2.1.jar:/Users/pengdu/.m2/repository/com/fasterxml/woodstox/woodstox-core/5.3.0/woodstox-core-5.3.0.jar:/Users/pengdu/.m2/repository/dnsjava/dnsjava/2.1.7/dnsjava-2.1.7.jar:/Users/pengdu/.m2/repository/org/apache/hadoop/hadoop-hdfs-client/3.3.4/hadoop-hdfs-client-3.3.4.jar:/Users/pengdu/.m2/repository/com/fasterxml/jackson/core/jackson-annotations/2.12.7/jackson-annotations-2.12.7.jar:/Users/pengdu/.m2/repository/org/apache/hadoop/hadoop-yarn-api/3.3.4/hadoop-yarn-api-3.3.4.jar:/Users/pengdu/.m2/repository/javax/xml/bind/jaxb-api/2.2.11/jaxb-api-2.2.11.jar:/Users/pengdu/.m2/repository/org/apache/hadoop/hadoop-yarn-client/3.3.4/hadoop-yarn-client-3.3.4.jar:/Users/pengdu/.m2/repository/org/eclipse/jetty/websocket/websocket-client/9.4.43.v20210629/websocket-client-9.4.43.v20210629.jar:/Users/pengdu/.m2/repository/org/eclipse/jetty/jetty-client/9.4.43.v20210629/jetty-client-9.4.43.v20210629.jar:/Users/pengdu/.m2/repository/org/eclipse/jetty/jetty-http/9.4.43.v20210629/jetty-http-9.4.43.v20210629.jar:/Users/pengdu/.m2/repository/org/eclipse/jetty/jetty-util/9.4.43.v20210629/jetty-util-9.4.43.v20210629.jar:/Users/pengdu/.m2/repository/org/eclipse/jetty/jetty-io/9.4.43.v20210629/jetty-io-9.4.43.v20210629.jar:/Users/pengdu/.m2/repository/org/eclipse/jetty/websocket/websocket-common/9.4.43.v20210629/websocket-common-9.4.43.v20210629.jar:/Users/pengdu/.m2/repository/org/eclipse/jetty/websocket/websocket-api/9.4.43.v20210629/websocket-api-9.4.43.v20210629.jar:/Users/pengdu/.m2/repository/org/jline/jline/3.9.0/jline-3.9.0.jar:/Users/pengdu/.m2/repository/org/apache/hadoop/hadoop-mapreduce-client-core/3.3.4/hadoop-mapreduce-client-core-3.3.4.jar:/Users/pengdu/.m2/repository/org/apache/hadoop/hadoop-yarn-common/3.3.4/hadoop-yarn-common-3.3.4.jar:/Users/pengdu/.m2/repository/javax/servlet/javax.servlet-api/3.1.0/javax.servlet-api-3.1.0.jar:/Users/pengdu/.m2/repository/com/sun/jersey/jersey-core/1.19/jersey-core-1.19.jar:/Users/pengdu/.m2/repository/javax/ws/rs/jsr311-api/1.1.1/jsr311-api-1.1.1.jar:/Users/pengdu/.m2/repository/com/sun/jersey/jersey-client/1.19/jersey-client-1.19.jar:/Users/pengdu/.m2/repository/com/fasterxml/jackson/module/jackson-module-jaxb-annotations/2.12.7/jackson-module-jaxb-annotations-2.12.7.jar:/Users/pengdu/.m2/repository/jakarta/xml/bind/jakarta.xml.bind-api/2.3.2/jakarta.xml.bind-api-2.3.2.jar:/Users/pengdu/.m2/repository/com/fasterxml/jackson/jaxrs/jackson-jaxrs-json-provider/2.12.7/jackson-jaxrs-json-provider-2.12.7.jar:/Users/pengdu/.m2/repository/com/fasterxml/jackson/jaxrs/jackson-jaxrs-base/2.12.7/jackson-jaxrs-base-2.12.7.jar:/Users/pengdu/.m2/repository/org/apache/hadoop/hadoop-mapreduce-client-jobclient/3.3.4/hadoop-mapreduce-client-jobclient-3.3.4.jar:/Users/pengdu/.m2/repository/org/apache/hadoop/hadoop-mapreduce-client-common/3.3.4/hadoop-mapreduce-client-common-3.3.4.jar:/Users/pengdu/.m2/repository/org/apache/hadoop/hadoop-annotations/3.3.4/hadoop-annotations-3.3.4.jar:"/>
    <property name="java.vm.vendor" value="Azul Systems, Inc."/>
    <property name="sun.arch.data.model" value="64"/>
    <property name="java.vendor.url" value="http://www.azul.com/"/>
    <property name="user.timezone" value=""/>
    <property name="java.vm.specification.version" value="11"/>
    <property name="os.name" value="Mac OS X"/>
    <property name="sun.java.launcher" value="SUN_STANDARD"/>
    <property name="user.country" value="CN"/>
    <property name="sun.boot.library.path" value="/Users/pengdu/Library/app/zulu11.64.19-ca-jdk11.0.19-macosx_x64/zulu-11.jdk/Contents/Home/lib"/>
    <property name="sun.java.command" value="/Users/pengdu/IdeaProjects/personal-project/exec-sql/flink-exec-sql/target/surefire/surefirebooter-20231025120329791_3.jar /Users/pengdu/IdeaProjects/personal-project/exec-sql/flink-exec-sql/target/surefire 2023-10-25T12-03-29_700-jvmRun1 surefire-20231025120329791_1tmp surefire_0-20231025120329791_2tmp"/>
    <property name="jdk.debug" value="release"/>
    <property name="surefire.test.class.path" value="/Users/pengdu/IdeaProjects/personal-project/exec-sql/flink-exec-sql/target/test-classes:/Users/pengdu/IdeaProjects/personal-project/exec-sql/flink-exec-sql/target/classes:/Users/pengdu/.m2/repository/org/apache/logging/log4j/log4j-core/2.17.2/log4j-core-2.17.2.jar:/Users/pengdu/.m2/repository/org/apache/logging/log4j/log4j-api/2.17.2/log4j-api-2.17.2.jar:/Users/pengdu/.m2/repository/org/apache/logging/log4j/log4j-slf4j18-impl/2.17.2/log4j-slf4j18-impl-2.17.2.jar:/Users/pengdu/.m2/repository/org/slf4j/slf4j-api/1.8.0-beta4/slf4j-api-1.8.0-beta4.jar:/Users/pengdu/.m2/repository/org/apache/flink/flink-streaming-java/1.17.1/flink-streaming-java-1.17.1.jar:/Users/pengdu/.m2/repository/org/apache/flink/flink-core/1.17.1/flink-core-1.17.1.jar:/Users/pengdu/.m2/repository/org/apache/flink/flink-annotations/1.17.1/flink-annotations-1.17.1.jar:/Users/pengdu/.m2/repository/org/apache/flink/flink-metrics-core/1.17.1/flink-metrics-core-1.17.1.jar:/Users/pengdu/.m2/repository/org/apache/flink/flink-shaded-asm-9/9.3-16.1/flink-shaded-asm-9-9.3-16.1.jar:/Users/pengdu/.m2/repository/org/apache/flink/flink-shaded-jackson/2.13.4-16.1/flink-shaded-jackson-2.13.4-16.1.jar:/Users/pengdu/.m2/repository/org/apache/commons/commons-lang3/3.12.0/commons-lang3-3.12.0.jar:/Users/pengdu/.m2/repository/org/apache/commons/commons-text/1.10.0/commons-text-1.10.0.jar:/Users/pengdu/.m2/repository/com/esotericsoftware/kryo/kryo/2.24.0/kryo-2.24.0.jar:/Users/pengdu/.m2/repository/com/esotericsoftware/minlog/minlog/1.2/minlog-1.2.jar:/Users/pengdu/.m2/repository/org/objenesis/objenesis/2.1/objenesis-2.1.jar:/Users/pengdu/.m2/repository/commons-collections/commons-collections/3.2.2/commons-collections-3.2.2.jar:/Users/pengdu/.m2/repository/org/apache/commons/commons-compress/1.21/commons-compress-1.21.jar:/Users/pengdu/.m2/repository/org/apache/flink/flink-file-sink-common/1.17.1/flink-file-sink-common-1.17.1.jar:/Users/pengdu/.m2/repository/org/apache/flink/flink-runtime/1.17.1/flink-runtime-1.17.1.jar:/Users/pengdu/.m2/repository/org/apache/flink/flink-rpc-core/1.17.1/flink-rpc-core-1.17.1.jar:/Users/pengdu/.m2/repository/org/apache/flink/flink-rpc-akka-loader/1.17.1/flink-rpc-akka-loader-1.17.1.jar:/Users/pengdu/.m2/repository/org/apache/flink/flink-queryable-state-client-java/1.17.1/flink-queryable-state-client-java-1.17.1.jar:/Users/pengdu/.m2/repository/org/apache/flink/flink-hadoop-fs/1.17.1/flink-hadoop-fs-1.17.1.jar:/Users/pengdu/.m2/repository/commons-io/commons-io/2.11.0/commons-io-2.11.0.jar:/Users/pengdu/.m2/repository/org/apache/flink/flink-shaded-netty/4.1.82.Final-16.1/flink-shaded-netty-4.1.82.Final-16.1.jar:/Users/pengdu/.m2/repository/org/apache/flink/flink-shaded-zookeeper-3/3.7.1-16.1/flink-shaded-zookeeper-3-3.7.1-16.1.jar:/Users/pengdu/.m2/repository/org/javassist/javassist/3.24.0-GA/javassist-3.24.0-GA.jar:/Users/pengdu/.m2/repository/org/xerial/snappy/snappy-java/1.1.8.3/snappy-java-1.1.8.3.jar:/Users/pengdu/.m2/repository/org/lz4/lz4-java/1.8.0/lz4-java-1.8.0.jar:/Users/pengdu/.m2/repository/org/apache/flink/flink-java/1.17.1/flink-java-1.17.1.jar:/Users/pengdu/.m2/repository/com/twitter/chill-java/0.7.6/chill-java-0.7.6.jar:/Users/pengdu/.m2/repository/org/apache/flink/flink-shaded-guava/30.1.1-jre-16.1/flink-shaded-guava-30.1.1-jre-16.1.jar:/Users/pengdu/.m2/repository/org/apache/commons/commons-math3/3.6.1/commons-math3-3.6.1.jar:/Users/pengdu/.m2/repository/com/google/code/findbugs/jsr305/1.3.9/jsr305-1.3.9.jar:/Users/pengdu/.m2/repository/org/apache/flink/flink-table-planner-loader/1.17.1/flink-table-planner-loader-1.17.1.jar:/Users/pengdu/.m2/repository/org/apache/flink/flink-table-api-bridge-base/1.17.1/flink-table-api-bridge-base-1.17.1.jar:/Users/pengdu/.m2/repository/org/apache/flink/flink-shaded-force-shading/16.1/flink-shaded-force-shading-16.1.jar:/Users/pengdu/.m2/repository/org/apache/flink/flink-table-runtime/1.17.1/flink-table-runtime-1.17.1.jar:/Users/pengdu/.m2/repository/org/apache/flink/flink-table-common/1.17.1/flink-table-common-1.17.1.jar:/Users/pengdu/.m2/repository/com/ibm/icu/icu4j/67.1/icu4j-67.1.jar:/Users/pengdu/.m2/repository/org/apache/flink/flink-cep/1.17.1/flink-cep-1.17.1.jar:/Users/pengdu/.m2/repository/org/apache/flink/flink-table-api-java/1.17.1/flink-table-api-java-1.17.1.jar:/Users/pengdu/.m2/repository/org/apache/flink/flink-table-api-java-bridge/1.17.1/flink-table-api-java-bridge-1.17.1.jar:/Users/pengdu/.m2/repository/org/apache/flink/flink-clients/1.17.1/flink-clients-1.17.1.jar:/Users/pengdu/.m2/repository/org/apache/flink/flink-optimizer/1.17.1/flink-optimizer-1.17.1.jar:/Users/pengdu/.m2/repository/commons-cli/commons-cli/1.5.0/commons-cli-1.5.0.jar:/Users/pengdu/.m2/repository/org/apache/flink/flink-connector-files/1.17.1/flink-connector-files-1.17.1.jar:/Users/pengdu/.m2/repository/org/apache/hadoop/hadoop-client/3.3.4/hadoop-client-3.3.4.jar:/Users/pengdu/.m2/repository/org/apache/hadoop/hadoop-common/3.3.4/hadoop-common-3.3.4.jar:/Users/pengdu/.m2/repository/org/apache/hadoop/thirdparty/hadoop-shaded-protobuf_3_7/1.1.1/hadoop-shaded-protobuf_3_7-1.1.1.jar:/Users/pengdu/.m2/repository/org/apache/hadoop/thirdparty/hadoop-shaded-guava/1.1.1/hadoop-shaded-guava-1.1.1.jar:/Users/pengdu/.m2/repository/com/google/guava/guava/27.0-jre/guava-27.0-jre.jar:/Users/pengdu/.m2/repository/com/google/guava/failureaccess/1.0/failureaccess-1.0.jar:/Users/pengdu/.m2/repository/com/google/guava/listenablefuture/9999.0-empty-to-avoid-conflict-with-guava/listenablefuture-9999.0-empty-to-avoid-conflict-with-guava.jar:/Users/pengdu/.m2/repository/org/checkerframework/checker-qual/2.5.2/checker-qual-2.5.2.jar:/Users/pengdu/.m2/repository/com/google/j2objc/j2objc-annotations/1.1/j2objc-annotations-1.1.jar:/Users/pengdu/.m2/repository/org/codehaus/mojo/animal-sniffer-annotations/1.17/animal-sniffer-annotations-1.17.jar:/Users/pengdu/.m2/repository/org/apache/httpcomponents/httpclient/4.5.13/httpclient-4.5.13.jar:/Users/pengdu/.m2/repository/org/apache/httpcomponents/httpcore/4.4.13/httpcore-4.4.13.jar:/Users/pengdu/.m2/repository/commons-codec/commons-codec/1.15/commons-codec-1.15.jar:/Users/pengdu/.m2/repository/commons-net/commons-net/3.6/commons-net-3.6.jar:/Users/pengdu/.m2/repository/jakarta/activation/jakarta.activation-api/1.2.1/jakarta.activation-api-1.2.1.jar:/Users/pengdu/.m2/repository/org/eclipse/jetty/jetty-servlet/9.4.43.v20210629/jetty-servlet-9.4.43.v20210629.jar:/Users/pengdu/.m2/repository/org/eclipse/jetty/jetty-security/9.4.43.v20210629/jetty-security-9.4.43.v20210629.jar:/Users/pengdu/.m2/repository/org/eclipse/jetty/jetty-util-ajax/9.4.43.v20210629/jetty-util-ajax-9.4.43.v20210629.jar:/Users/pengdu/.m2/repository/org/eclipse/jetty/jetty-webapp/9.4.43.v20210629/jetty-webapp-9.4.43.v20210629.jar:/Users/pengdu/.m2/repository/org/eclipse/jetty/jetty-xml/9.4.43.v20210629/jetty-xml-9.4.43.v20210629.jar:/Users/pengdu/.m2/repository/javax/servlet/jsp/jsp-api/2.1/jsp-api-2.1.jar:/Users/pengdu/.m2/repository/com/sun/jersey/jersey-servlet/1.19/jersey-servlet-1.19.jar:/Users/pengdu/.m2/repository/commons-logging/commons-logging/1.1.3/commons-logging-1.1.3.jar:/Users/pengdu/.m2/repository/ch/qos/reload4j/reload4j/1.2.22/reload4j-1.2.22.jar:/Users/pengdu/.m2/repository/commons-beanutils/commons-beanutils/1.9.4/commons-beanutils-1.9.4.jar:/Users/pengdu/.m2/repository/org/apache/commons/commons-configuration2/2.1.1/commons-configuration2-2.1.1.jar:/Users/pengdu/.m2/repository/org/slf4j/slf4j-reload4j/1.7.36/slf4j-reload4j-1.7.36.jar:/Users/pengdu/.m2/repository/org/apache/avro/avro/1.7.7/avro-1.7.7.jar:/Users/pengdu/.m2/repository/org/codehaus/jackson/jackson-core-asl/1.9.13/jackson-core-asl-1.9.13.jar:/Users/pengdu/.m2/repository/org/codehaus/jackson/jackson-mapper-asl/1.9.13/jackson-mapper-asl-1.9.13.jar:/Users/pengdu/.m2/repository/com/thoughtworks/paranamer/paranamer/2.3/paranamer-2.3.jar:/Users/pengdu/.m2/repository/com/google/re2j/re2j/1.1/re2j-1.1.jar:/Users/pengdu/.m2/repository/com/google/protobuf/protobuf-java/2.5.0/protobuf-java-2.5.0.jar:/Users/pengdu/.m2/repository/com/google/code/gson/gson/2.8.9/gson-2.8.9.jar:/Users/pengdu/.m2/repository/org/apache/hadoop/hadoop-auth/3.3.4/hadoop-auth-3.3.4.jar:/Users/pengdu/.m2/repository/com/nimbusds/nimbus-jose-jwt/9.8.1/nimbus-jose-jwt-9.8.1.jar:/Users/pengdu/.m2/repository/com/github/stephenc/jcip/jcip-annotations/1.0-1/jcip-annotations-1.0-1.jar:/Users/pengdu/.m2/repository/net/minidev/json-smart/2.4.7/json-smart-2.4.7.jar:/Users/pengdu/.m2/repository/net/minidev/accessors-smart/2.4.7/accessors-smart-2.4.7.jar:/Users/pengdu/.m2/repository/org/ow2/asm/asm/9.1/asm-9.1.jar:/Users/pengdu/.m2/repository/org/apache/curator/curator-framework/4.2.0/curator-framework-4.2.0.jar:/Users/pengdu/.m2/repository/org/apache/kerby/kerb-simplekdc/1.0.1/kerb-simplekdc-1.0.1.jar:/Users/pengdu/.m2/repository/org/apache/kerby/kerb-client/1.0.1/kerb-client-1.0.1.jar:/Users/pengdu/.m2/repository/org/apache/kerby/kerby-config/1.0.1/kerby-config-1.0.1.jar:/Users/pengdu/.m2/repository/org/apache/kerby/kerb-common/1.0.1/kerb-common-1.0.1.jar:/Users/pengdu/.m2/repository/org/apache/kerby/kerb-crypto/1.0.1/kerb-crypto-1.0.1.jar:/Users/pengdu/.m2/repository/org/apache/kerby/kerb-util/1.0.1/kerb-util-1.0.1.jar:/Users/pengdu/.m2/repository/org/apache/kerby/token-provider/1.0.1/token-provider-1.0.1.jar:/Users/pengdu/.m2/repository/org/apache/kerby/kerb-admin/1.0.1/kerb-admin-1.0.1.jar:/Users/pengdu/.m2/repository/org/apache/kerby/kerb-server/1.0.1/kerb-server-1.0.1.jar:/Users/pengdu/.m2/repository/org/apache/kerby/kerb-identity/1.0.1/kerb-identity-1.0.1.jar:/Users/pengdu/.m2/repository/org/apache/kerby/kerby-xdr/1.0.1/kerby-xdr-1.0.1.jar:/Users/pengdu/.m2/repository/org/apache/curator/curator-client/4.2.0/curator-client-4.2.0.jar:/Users/pengdu/.m2/repository/org/apache/curator/curator-recipes/4.2.0/curator-recipes-4.2.0.jar:/Users/pengdu/.m2/repository/org/apache/kerby/kerb-core/1.0.1/kerb-core-1.0.1.jar:/Users/pengdu/.m2/repository/org/apache/kerby/kerby-pkix/1.0.1/kerby-pkix-1.0.1.jar:/Users/pengdu/.m2/repository/org/apache/kerby/kerby-asn1/1.0.1/kerby-asn1-1.0.1.jar:/Users/pengdu/.m2/repository/org/apache/kerby/kerby-util/1.0.1/kerby-util-1.0.1.jar:/Users/pengdu/.m2/repository/com/fasterxml/jackson/core/jackson-databind/2.12.7/jackson-databind-2.12.7.jar:/Users/pengdu/.m2/repository/com/fasterxml/jackson/core/jackson-core/2.12.7/jackson-core-2.12.7.jar:/Users/pengdu/.m2/repository/org/codehaus/woodstox/stax2-api/4.2.1/stax2-api-4.2.1.jar:/Users/pengdu/.m2/repository/com/fasterxml/woodstox/woodstox-core/5.3.0/woodstox-core-5.3.0.jar:/Users/pengdu/.m2/repository/dnsjava/dnsjava/2.1.7/dnsjava-2.1.7.jar:/Users/pengdu/.m2/repository/org/apache/hadoop/hadoop-hdfs-client/3.3.4/hadoop-hdfs-client-3.3.4.jar:/Users/pengdu/.m2/repository/com/fasterxml/jackson/core/jackson-annotations/2.12.7/jackson-annotations-2.12.7.jar:/Users/pengdu/.m2/repository/org/apache/hadoop/hadoop-yarn-api/3.3.4/hadoop-yarn-api-3.3.4.jar:/Users/pengdu/.m2/repository/javax/xml/bind/jaxb-api/2.2.11/jaxb-api-2.2.11.jar:/Users/pengdu/.m2/repository/org/apache/hadoop/hadoop-yarn-client/3.3.4/hadoop-yarn-client-3.3.4.jar:/Users/pengdu/.m2/repository/org/eclipse/jetty/websocket/websocket-client/9.4.43.v20210629/websocket-client-9.4.43.v20210629.jar:/Users/pengdu/.m2/repository/org/eclipse/jetty/jetty-client/9.4.43.v20210629/jetty-client-9.4.43.v20210629.jar:/Users/pengdu/.m2/repository/org/eclipse/jetty/jetty-http/9.4.43.v20210629/jetty-http-9.4.43.v20210629.jar:/Users/pengdu/.m2/repository/org/eclipse/jetty/jetty-util/9.4.43.v20210629/jetty-util-9.4.43.v20210629.jar:/Users/pengdu/.m2/repository/org/eclipse/jetty/jetty-io/9.4.43.v20210629/jetty-io-9.4.43.v20210629.jar:/Users/pengdu/.m2/repository/org/eclipse/jetty/websocket/websocket-common/9.4.43.v20210629/websocket-common-9.4.43.v20210629.jar:/Users/pengdu/.m2/repository/org/eclipse/jetty/websocket/websocket-api/9.4.43.v20210629/websocket-api-9.4.43.v20210629.jar:/Users/pengdu/.m2/repository/org/jline/jline/3.9.0/jline-3.9.0.jar:/Users/pengdu/.m2/repository/org/apache/hadoop/hadoop-mapreduce-client-core/3.3.4/hadoop-mapreduce-client-core-3.3.4.jar:/Users/pengdu/.m2/repository/org/apache/hadoop/hadoop-yarn-common/3.3.4/hadoop-yarn-common-3.3.4.jar:/Users/pengdu/.m2/repository/javax/servlet/javax.servlet-api/3.1.0/javax.servlet-api-3.1.0.jar:/Users/pengdu/.m2/repository/com/sun/jersey/jersey-core/1.19/jersey-core-1.19.jar:/Users/pengdu/.m2/repository/javax/ws/rs/jsr311-api/1.1.1/jsr311-api-1.1.1.jar:/Users/pengdu/.m2/repository/com/sun/jersey/jersey-client/1.19/jersey-client-1.19.jar:/Users/pengdu/.m2/repository/com/fasterxml/jackson/module/jackson-module-jaxb-annotations/2.12.7/jackson-module-jaxb-annotations-2.12.7.jar:/Users/pengdu/.m2/repository/jakarta/xml/bind/jakarta.xml.bind-api/2.3.2/jakarta.xml.bind-api-2.3.2.jar:/Users/pengdu/.m2/repository/com/fasterxml/jackson/jaxrs/jackson-jaxrs-json-provider/2.12.7/jackson-jaxrs-json-provider-2.12.7.jar:/Users/pengdu/.m2/repository/com/fasterxml/jackson/jaxrs/jackson-jaxrs-base/2.12.7/jackson-jaxrs-base-2.12.7.jar:/Users/pengdu/.m2/repository/org/apache/hadoop/hadoop-mapreduce-client-jobclient/3.3.4/hadoop-mapreduce-client-jobclient-3.3.4.jar:/Users/pengdu/.m2/repository/org/apache/hadoop/hadoop-mapreduce-client-common/3.3.4/hadoop-mapreduce-client-common-3.3.4.jar:/Users/pengdu/.m2/repository/org/apache/hadoop/hadoop-annotations/3.3.4/hadoop-annotations-3.3.4.jar:"/>
    <property name="sun.cpu.endian" value="little"/>
    <property name="user.home" value="/Users/pengdu"/>
    <property name="user.language" value="zh"/>
    <property name="java.specification.vendor" value="Oracle Corporation"/>
    <property name="java.version.date" value="2023-04-18"/>
    <property name="java.home" value="/Users/pengdu/Library/app/zulu11.64.19-ca-jdk11.0.19-macosx_x64/zulu-11.jdk/Contents/Home"/>
    <property name="file.separator" value="/"/>
    <property name="basedir" value="/Users/pengdu/IdeaProjects/personal-project/exec-sql/flink-exec-sql"/>
    <property name="java.vm.compressedOopsMode" value="Zero based"/>
    <property name="line.separator" value="&#10;"/>
    <property name="java.specification.name" value="Java Platform API Specification"/>
    <property name="java.vm.specification.vendor" value="Oracle Corporation"/>
    <property name="jdk.vendor.version" value="Zulu11.64+19-CA"/>
    <property name="java.awt.graphicsenv" value="sun.awt.CGraphicsEnvironment"/>
    <property name="surefire.real.class.path" value="/Users/pengdu/IdeaProjects/personal-project/exec-sql/flink-exec-sql/target/surefire/surefirebooter-20231025120329791_3.jar"/>
    <property name="user.script" value="Hans"/>
    <property name="sun.management.compiler" value="HotSpot 64-Bit Tiered Compilers"/>
    <property name="java.runtime.version" value="11.0.19+7-LTS"/>
    <property name="user.name" value="pengdu"/>
    <property name="path.separator" value=":"/>
    <property name="os.version" value="12.6.9"/>
    <property name="java.runtime.name" value="OpenJDK Runtime Environment"/>
    <property name="file.encoding" value="UTF-8"/>
    <property name="java.vm.name" value="OpenJDK 64-Bit Server VM"/>
    <property name="java.vendor.version" value="Zulu11.64+19-CA"/>
    <property name="localRepository" value="/Users/pengdu/.m2/repository"/>
    <property name="java.vendor.url.bug" value="http://www.azul.com/support/"/>
    <property name="java.io.tmpdir" value="/var/folders/fg/40svfshd3715ngqd9kkp65qm0000gn/T/"/>
    <property name="idea.version" value="2023.2.2"/>
    <property name="java.version" value="11.0.19"/>
    <property name="user.dir" value="/Users/pengdu/IdeaProjects/personal-project/exec-sql/flink-exec-sql"/>
    <property name="os.arch" value="x86_64"/>
    <property name="java.vm.specification.name" value="Java Virtual Machine Specification"/>
    <property name="java.awt.printerjob" value="sun.lwawt.macosx.CPrinterJob"/>
    <property name="sun.os.patch.level" value="unknown"/>
    <property name="java.library.path" value="/Users/pengdu/Library/Java/Extensions:/Library/Java/Extensions:/Network/Library/Java/Extensions:/System/Library/Java/Extensions:/usr/lib/java:."/>
    <property name="java.vm.info" value="mixed mode"/>
    <property name="java.vendor" value="Azul Systems, Inc."/>
    <property name="java.vm.version" value="11.0.19+7-LTS"/>
    <property name="sun.io.unicode.encoding" value="UnicodeBig"/>
    <property name="java.class.version" value="55.0"/>
  </properties>
</testsuite>